0 info it worked if it ends with ok
1 verbose cli [ 'C:\\Program Files (x86)\\nodejs\\node.exe',
1 verbose cli   'C:\\Program Files (x86)\\nodejs\\node_modules\\npm\\bin\\npm-cli.js',
1 verbose cli   'run',
1 verbose cli   'prd',
1 verbose cli   '--scripts-prepend-node-path=auto' ]
2 info using npm@3.10.10
3 info using node@v6.9.5
4 verbose run-script [ 'preprd', 'prd', 'postprd' ]
5 info lifecycle web-v4@1.0.0~preprd: web-v4@1.0.0
6 silly lifecycle web-v4@1.0.0~preprd: no script for preprd, continuing
7 info lifecycle web-v4@1.0.0~prd: web-v4@1.0.0
8 verbose lifecycle web-v4@1.0.0~prd: unsafe-perm in lifecycle true
9 verbose lifecycle web-v4@1.0.0~prd: PATH: C:\Program Files (x86)\nodejs\node_modules\npm\bin\node-gyp-bin;C:\web-v4\web-v4\node_modules\.bin;C:\Program Files (x86)\Intel\iCLS Client\;C:\Program Files\Intel\iCLS Client\;C:\WINDOWS\system32;C:\WINDOWS;C:\WINDOWS\System32\Wbem;C:\WINDOWS\System32\WindowsPowerShell\v1.0\;C:\Program Files (x86)\Intel\Intel(R) Management Engine Components\DAL;C:\Program Files\Intel\Intel(R) Management Engine Components\DAL;C:\Program Files (x86)\Intel\Intel(R) Management Engine Components\IPT;C:\Program Files\Intel\Intel(R) Management Engine Components\IPT;C:\Program Files (x86)\ATI Technologies\ATI.ACE\Core-Static;C:\Program Files\Intel\WiFi\bin\;C:\Program Files\Common Files\Intel\WirelessCommon\;C:\Program Files\MySQL\MySQL Server 5.5\bin;C:\Program Files (x86)\nodejs\;C:\Users\李立明\AppData\Local\Microsoft\WindowsApps;C:\Program Files (x86)\Microsoft VS Code\bin;C:\Users\李立明\AppData\Roaming\npm;C:\yliyun\nginx-1.12.1
10 verbose lifecycle web-v4@1.0.0~prd: CWD: C:\web-v4\web-v4
11 silly lifecycle web-v4@1.0.0~prd: Args: [ '/d /s /c', 'http-server ./dist  -P http://192.168.0.130' ]
12 silly lifecycle web-v4@1.0.0~prd: Returned: code: 1  signal: null
13 info lifecycle web-v4@1.0.0~prd: Failed to exec prd script
14 verbose stack Error: web-v4@1.0.0 prd: `http-server ./dist  -P http://192.168.0.130`
14 verbose stack Exit status 1
14 verbose stack     at EventEmitter.<anonymous> (C:\Program Files (x86)\nodejs\node_modules\npm\lib\utils\lifecycle.js:255:16)
14 verbose stack     at emitTwo (events.js:106:13)
14 verbose stack     at EventEmitter.emit (events.js:191:7)
14 verbose stack     at ChildProcess.<anonymous> (C:\Program Files (x86)\nodejs\node_modules\npm\lib\utils\spawn.js:40:14)
14 verbose stack     at emitTwo (events.js:106:13)
14 verbose stack     at ChildProcess.emit (events.js:191:7)
14 verbose stack     at maybeClose (internal/child_process.js:877:16)
14 verbose stack     at Process.ChildProcess._handle.onexit (internal/child_process.js:226:5)
15 verbose pkgid web-v4@1.0.0
16 verbose cwd C:\web-v4\web-v4
17 error Windows_NT 10.0.14393
18 error argv "C:\\Program Files (x86)\\nodejs\\node.exe" "C:\\Program Files (x86)\\nodejs\\node_modules\\npm\\bin\\npm-cli.js" "run" "prd" "--scripts-prepend-node-path=auto"
19 error node v6.9.5
20 error npm  v3.10.10
21 error code ELIFECYCLE
22 error web-v4@1.0.0 prd: `http-server ./dist  -P http://192.168.0.130`
22 error Exit status 1
23 error Failed at the web-v4@1.0.0 prd script 'http-server ./dist  -P http://192.168.0.130'.
23 error Make sure you have the latest version of node.js and npm installed.
23 error If you do, this is most likely a problem with the web-v4 package,
23 error not with npm itself.
23 error Tell the author that this fails on your system:
23 error     http-server ./dist  -P http://192.168.0.130
23 error You can get information on how to open an issue for this project with:
23 error     npm bugs web-v4
23 error Or if that isn't available, you can get their info via:
23 error     npm owner ls web-v4
23 error There is likely additional logging output above.
24 verbose exit [ 1, true ]
